running develop
running egg_info
creating goal_remap.egg-info
writing goal_remap.egg-info/PKG-INFO
writing dependency_links to goal_remap.egg-info/dependency_links.txt
writing entry points to goal_remap.egg-info/entry_points.txt
writing requirements to goal_remap.egg-info/requires.txt
writing top-level names to goal_remap.egg-info/top_level.txt
writing manifest file 'goal_remap.egg-info/SOURCES.txt'
reading manifest file 'goal_remap.egg-info/SOURCES.txt'
writing manifest file 'goal_remap.egg-info/SOURCES.txt'
running build_ext
Creating /home/aoki/RSA/goal_remap_ws/src/goal_remap/install/goal_remap/lib/python3.10/site-packages/goal-remap.egg-link (link to .)
Installing goal_remapper script to /home/aoki/RSA/goal_remap_ws/src/goal_remap/install/goal_remap/lib/goal_remap

Installed /home/aoki/RSA/goal_remap_ws/src/goal_remap/build/goal_remap
running symlink_data
creating /home/aoki/RSA/goal_remap_ws/src/goal_remap/install/goal_remap/share/ament_index
creating /home/aoki/RSA/goal_remap_ws/src/goal_remap/install/goal_remap/share/ament_index/resource_index
creating /home/aoki/RSA/goal_remap_ws/src/goal_remap/install/goal_remap/share/ament_index/resource_index/packages
symbolically linking /home/aoki/RSA/goal_remap_ws/src/goal_remap/build/goal_remap/resource/goal_remap -> /home/aoki/RSA/goal_remap_ws/src/goal_remap/install/goal_remap/share/ament_index/resource_index/packages
symbolically linking /home/aoki/RSA/goal_remap_ws/src/goal_remap/build/goal_remap/package.xml -> /home/aoki/RSA/goal_remap_ws/src/goal_remap/install/goal_remap/share/goal_remap
creating /home/aoki/RSA/goal_remap_ws/src/goal_remap/install/goal_remap/share/goal_remap/launch
symbolically linking /home/aoki/RSA/goal_remap_ws/src/goal_remap/build/goal_remap/launch/goal_remap.launch.py -> /home/aoki/RSA/goal_remap_ws/src/goal_remap/install/goal_remap/share/goal_remap/launch
creating /home/aoki/RSA/goal_remap_ws/src/goal_remap/install/goal_remap/share/goal_remap/config
