[0.587s] Invoking command in '/home/aoki/RSA/goal_remap_ws/src/goal_remap/build/goal_remap': PYTHONPATH=/home/aoki/RSA/goal_remap_ws/src/goal_remap/build/goal_remap/prefix_override:/usr/lib/python3/dist-packages/colcon_core/task/python/colcon_distutils_commands:/home/aoki/RSA/goal_remap_ws/src/goal_remap/install/goal_remap/lib/python3.10/site-packages:${PYTHONPATH} /usr/bin/python3 -W ignore:setup.py install is deprecated -W ignore:easy_install command is deprecated setup.py develop --editable --build-directory /home/aoki/RSA/goal_remap_ws/src/goal_remap/build/goal_remap/build --no-deps symlink_data
[0.763s] running develop
[0.867s] running egg_info
[0.867s] creating goal_remap.egg-info
[0.867s] writing goal_remap.egg-info/PKG-INFO
[0.868s] writing dependency_links to goal_remap.egg-info/dependency_links.txt
[0.868s] writing entry points to goal_remap.egg-info/entry_points.txt
[0.868s] writing requirements to goal_remap.egg-info/requires.txt
[0.869s] writing top-level names to goal_remap.egg-info/top_level.txt
[0.869s] writing manifest file 'goal_remap.egg-info/SOURCES.txt'
[0.870s] reading manifest file 'goal_remap.egg-info/SOURCES.txt'
[0.870s] writing manifest file 'goal_remap.egg-info/SOURCES.txt'
[0.894s] running build_ext
[0.895s] Creating /home/aoki/RSA/goal_remap_ws/src/goal_remap/install/goal_remap/lib/python3.10/site-packages/goal-remap.egg-link (link to .)
[0.895s] Installing goal_remapper script to /home/aoki/RSA/goal_remap_ws/src/goal_remap/install/goal_remap/lib/goal_remap
[0.896s] 
[0.896s] Installed /home/aoki/RSA/goal_remap_ws/src/goal_remap/build/goal_remap
[0.896s] running symlink_data
[0.896s] creating /home/aoki/RSA/goal_remap_ws/src/goal_remap/install/goal_remap/share/ament_index
[0.896s] creating /home/aoki/RSA/goal_remap_ws/src/goal_remap/install/goal_remap/share/ament_index/resource_index
[0.896s] creating /home/aoki/RSA/goal_remap_ws/src/goal_remap/install/goal_remap/share/ament_index/resource_index/packages
[0.896s] symbolically linking /home/aoki/RSA/goal_remap_ws/src/goal_remap/build/goal_remap/resource/goal_remap -> /home/aoki/RSA/goal_remap_ws/src/goal_remap/install/goal_remap/share/ament_index/resource_index/packages
[0.896s] symbolically linking /home/aoki/RSA/goal_remap_ws/src/goal_remap/build/goal_remap/package.xml -> /home/aoki/RSA/goal_remap_ws/src/goal_remap/install/goal_remap/share/goal_remap
[0.896s] creating /home/aoki/RSA/goal_remap_ws/src/goal_remap/install/goal_remap/share/goal_remap/launch
[0.897s] symbolically linking /home/aoki/RSA/goal_remap_ws/src/goal_remap/build/goal_remap/launch/goal_remap.launch.py -> /home/aoki/RSA/goal_remap_ws/src/goal_remap/install/goal_remap/share/goal_remap/launch
[0.897s] creating /home/aoki/RSA/goal_remap_ws/src/goal_remap/install/goal_remap/share/goal_remap/config
[0.922s] Invoked command in '/home/aoki/RSA/goal_remap_ws/src/goal_remap/build/goal_remap' returned '0': PYTHONPATH=/home/aoki/RSA/goal_remap_ws/src/goal_remap/build/goal_remap/prefix_override:/usr/lib/python3/dist-packages/colcon_core/task/python/colcon_distutils_commands:/home/aoki/RSA/goal_remap_ws/src/goal_remap/install/goal_remap/lib/python3.10/site-packages:${PYTHONPATH} /usr/bin/python3 -W ignore:setup.py install is deprecated -W ignore:easy_install command is deprecated setup.py develop --editable --build-directory /home/aoki/RSA/goal_remap_ws/src/goal_remap/build/goal_remap/build --no-deps symlink_data
